[2023-10-20T13:37:12.733+0000] {taskinstance.py:1103} INFO - Dependencies all met for dep_context=non-requeueable deps ti=<TaskInstance: combined_dag.generate_random_data_task manual__2023-10-20T13:37:09.837296+00:00 [queued]>
[2023-10-20T13:37:12.738+0000] {taskinstance.py:1103} INFO - Dependencies all met for dep_context=requeueable deps ti=<TaskInstance: combined_dag.generate_random_data_task manual__2023-10-20T13:37:09.837296+00:00 [queued]>
[2023-10-20T13:37:12.738+0000] {taskinstance.py:1308} INFO - Starting attempt 1 of 1
[2023-10-20T13:37:12.746+0000] {taskinstance.py:1327} INFO - Executing <Task(PythonOperator): generate_random_data_task> on 2023-10-20 13:37:09.837296+00:00
[2023-10-20T13:37:12.752+0000] {standard_task_runner.py:57} INFO - Started process 327 to run task
[2023-10-20T13:37:12.754+0000] {standard_task_runner.py:84} INFO - Running: ['***', 'tasks', 'run', 'combined_dag', 'generate_random_data_task', 'manual__2023-10-20T13:37:09.837296+00:00', '--job-id', '101', '--raw', '--subdir', 'DAGS_FOLDER/combined_dag(real).py', '--cfg-path', '/tmp/tmphmucikhs']
[2023-10-20T13:37:12.755+0000] {standard_task_runner.py:85} INFO - Job 101: Subtask generate_random_data_task
[2023-10-20T13:37:12.784+0000] {task_command.py:410} INFO - Running <TaskInstance: combined_dag.generate_random_data_task manual__2023-10-20T13:37:09.837296+00:00 [running]> on host 9e1824266991
[2023-10-20T13:37:12.833+0000] {taskinstance.py:1547} INFO - Exporting env vars: AIRFLOW_CTX_DAG_OWNER='***' AIRFLOW_CTX_DAG_ID='combined_dag' AIRFLOW_CTX_TASK_ID='generate_random_data_task' AIRFLOW_CTX_EXECUTION_DATE='2023-10-20T13:37:09.837296+00:00' AIRFLOW_CTX_TRY_NUMBER='1' AIRFLOW_CTX_DAG_RUN_ID='manual__2023-10-20T13:37:09.837296+00:00'
[2023-10-20T13:37:12.913+0000] {taskinstance.py:1824} ERROR - Task failed with exception
Traceback (most recent call last):
  File "/home/airflow/.local/lib/python3.7/site-packages/pandas/io/sql.py", line 2056, in execute
    cur.execute(*args, **kwargs)
psycopg2.errors.UndefinedTable: 오류:  "kwater_db4" 이름의 릴레이션(relation)이 없습니다
LINE 1: SELECT * FROM kwater_db4
                      ^


The above exception was the direct cause of the following exception:

Traceback (most recent call last):
  File "/home/airflow/.local/lib/python3.7/site-packages/airflow/operators/python.py", line 181, in execute
    return_value = self.execute_callable()
  File "/home/airflow/.local/lib/python3.7/site-packages/airflow/operators/python.py", line 198, in execute_callable
    return self.python_callable(*self.op_args, **self.op_kwargs)
  File "/opt/airflow/dags/combined_dag(real).py", line 23, in generate_random_data
    df = pd.read_sql(query, conn)
  File "/home/airflow/.local/lib/python3.7/site-packages/pandas/io/sql.py", line 608, in read_sql
    chunksize=chunksize,
  File "/home/airflow/.local/lib/python3.7/site-packages/pandas/io/sql.py", line 2116, in read_query
    cursor = self.execute(*args)
  File "/home/airflow/.local/lib/python3.7/site-packages/pandas/io/sql.py", line 2068, in execute
    raise ex from exc
pandas.io.sql.DatabaseError: Execution failed on sql 'SELECT * FROM kwater_db4': 오류:  "kwater_db4" 이름의 릴레이션(relation)이 없습니다
LINE 1: SELECT * FROM kwater_db4
                      ^

[2023-10-20T13:37:12.919+0000] {taskinstance.py:1350} INFO - Marking task as FAILED. dag_id=combined_dag, task_id=generate_random_data_task, execution_date=20231020T133709, start_date=20231020T133712, end_date=20231020T133712
[2023-10-20T13:37:12.927+0000] {standard_task_runner.py:109} ERROR - Failed to execute job 101 for task generate_random_data_task (Execution failed on sql 'SELECT * FROM kwater_db4': 오류:  "kwater_db4" 이름의 릴레이션(relation)이 없습니다
LINE 1: SELECT * FROM kwater_db4
                      ^
; 327)
[2023-10-20T13:37:12.966+0000] {local_task_job_runner.py:225} INFO - Task exited with return code 1
[2023-10-20T13:37:12.983+0000] {taskinstance.py:2653} INFO - 0 downstream tasks scheduled from follow-on schedule check
